# JRE version: Java(TM) SE Runtime Environment (8.0_191-b12) (build 1.8.0_191-b12)
# Java VM: Java HotSpot(TM) Client VM (25.191-b12 mixed mode windows-x86 )
Heap:
 def new generation   total 157248K, used 155056K [0x04c00000, 0x0f6a0000, 0x0f6a0000)
  eden space 139776K, 100% used [0x04c00000, 0x0d480000, 0x0d480000)
  from space 17472K,  87% used [0x0d480000, 0x0e36c130, 0x0e590000)
  to   space 17472K,   0% used [0x0e590000, 0x0e590000, 0x0f6a0000)
 tenured generation   total 349568K, used 349567K [0x0f6a0000, 0x24c00000, 0x24c00000)
   the space 349568K,  99% used [0x0f6a0000, 0x24bffff0, 0x24c00000, 0x24c00000)
 Metaspace       used 22679K, capacity 23234K, committed 23424K, reserved 23936K
GC Heap History (10 events):
Event: 8749.978 GC heap before
{Heap before GC invocations=43 (full 24):
 def new generation   total 157248K, used 157247K [0x04c00000, 0x0f6a0000, 0x0f6a0000)
  eden space 139776K, 100% used [0x04c00000, 0x0d480000, 0x0d480000)
  from space 17472K,  99% used [0x0d480000, 0x0e58fff0, 0x0e590000)
  to   space 17472K,   0% used [0x0e590000, 0x0e590000, 0x0f6a0000)
 tenured generation   total 349568K, used 349567K [0x0f6a0000, 0x24c00000, 0x24c00000)
   the space 349568K,  99% used [0x0f6a0000, 0x24bffff0, 0x24c00000, 0x24c00000)
 Metaspace       used 22678K, capacity 23234K, committed 23424K, reserved 23936K
Event: 8751.413 GC heap after
Heap after GC invocations=44 (full 25):
 def new generation   total 157248K, used 131983K [0x04c00000, 0x0f6a0000, 0x0f6a0000)
  eden space 139776K,  94% used [0x04c00000, 0x0cce3ca0, 0x0d480000)
  from space 17472K,   0% used [0x0d480000, 0x0d480000, 0x0e590000)
  to   space 17472K,   0% used [0x0e590000, 0x0e590000, 0x0f6a0000)
 tenured generation   total 349568K, used 349567K [0x0f6a0000, 0x24c00000, 0x24c00000)
   the space 349568K,  99% used [0x0f6a0000, 0x24bffff0, 0x24c00000, 0x24c00000)
 Metaspace       used 22678K, capacity 23234K, committed 23424K, reserved 23936K
}
Event: 8753.684 GC heap before
{Heap before GC invocations=44 (full 25):
 def new generation   total 157248K, used 153853K [0x04c00000, 0x0f6a0000, 0x0f6a0000)
  eden space 139776K, 100% used [0x04c00000, 0x0d480000, 0x0d480000)
  from space 17472K,  80% used [0x0d480000, 0x0e23f7c0, 0x0e590000)
  to   space 17472K,   0% used [0x0e590000, 0x0e590000, 0x0f6a0000)
 tenured generation   total 349568K, used 349567K [0x0f6a0000, 0x24c00000, 0x24c00000)
   the space 349568K,  99% used [0x0f6a0000, 0x24bffff0, 0x24c00000, 0x24c00000)
 Metaspace       used 22678K, capacity 23234K, committed 23424K, reserved 23936K
Event: 8755.065 GC heap after
Heap after GC invocations=45 (full 26):
 def new generation   total 157248K, used 142718K [0x04c00000, 0x0f6a0000, 0x0f6a0000)
  eden space 139776K, 100% used [0x04c00000, 0x0d480000, 0x0d480000)
  from space 17472K,  16% used [0x0d480000, 0x0d75f8b8, 0x0e590000)
  to   space 17472K,   0% used [0x0e590000, 0x0e590000, 0x0f6a0000)
 tenured generation   total 349568K, used 349567K [0x0f6a0000, 0x24c00000, 0x24c00000)
   the space 349568K,  99% used [0x0f6a0000, 0x24bffff0, 0x24c00000, 0x24c00000)
 Metaspace       used 22678K, capacity 23234K, committed 23424K, reserved 23936K
}
Event: 8755.201 GC heap before
{Heap before GC invocations=45 (full 26):
 def new generation   total 157248K, used 157247K [0x04c00000, 0x0f6a0000, 0x0f6a0000)
  eden space 139776K, 100% used [0x04c00000, 0x0d480000, 0x0d480000)
  from space 17472K,  99% used [0x0d480000, 0x0e58fff0, 0x0e590000)
  to   space 17472K,   0% used [0x0e590000, 0x0e590000, 0x0f6a0000)
 tenured generation   total 349568K, used 349567K [0x0f6a0000, 0x24c00000, 0x24c00000)
   the space 349568K,  99% used [0x0f6a0000, 0x24bffff0, 0x24c00000, 0x24c00000)
 Metaspace       used 22678K, capacity 23234K, committed 23424K, reserved 23936K
Event: 8756.462 GC heap after
Heap after GC invocations=46 (full 27):
 def new generation   total 157248K, used 147408K [0x04c00000, 0x0f6a0000, 0x0f6a0000)
  eden space 139776K,  96% used [0x04c00000, 0x0cf514a8, 0x0d480000)
  from space 17472K,  74% used [0x0d480000, 0x0e122ce0, 0x0e590000)
  to   space 17472K,   0% used [0x0e590000, 0x0e590000, 0x0f6a0000)
 tenured generation   total 349568K, used 349567K [0x0f6a0000, 0x24c00000, 0x24c00000)
   the space 349568K,  99% used [0x0f6a0000, 0x24bffff0, 0x24c00000, 0x24c00000)
 Metaspace       used 22678K, capacity 23234K, committed 23424K, reserved 23936K
}
Event: 8756.975 GC heap before
{Heap before GC invocations=46 (full 27):
 def new generation   total 157248K, used 156707K [0x04c00000, 0x0f6a0000, 0x0f6a0000)
  eden space 139776K, 100% used [0x04c00000, 0x0d480000, 0x0d480000)
  from space 17472K,  96% used [0x0d480000, 0x0e508fb0, 0x0e590000)
  to   space 17472K,   0% used [0x0e590000, 0x0e590000, 0x0f6a0000)
 tenured generation   total 349568K, used 349567K [0x0f6a0000, 0x24c00000, 0x24c00000)
   the space 349568K,  99% used [0x0f6a0000, 0x24bffff0, 0x24c00000, 0x24c00000)
 Metaspace       used 22678K, capacity 23234K, committed 23424K, reserved 23936K
Event: 8758.547 GC heap after
Heap after GC invocations=47 (full 28):
 def new generation   total 157248K, used 152170K [0x04c00000, 0x0f6a0000, 0x0f6a0000)
  eden space 139776K,  98% used [0x04c00000, 0x0d21c960, 0x0d480000)
  from space 17472K,  84% used [0x0d480000, 0x0e2fe130, 0x0e590000)
  to   space 17472K,   0% used [0x0e590000, 0x0e590000, 0x0f6a0000)
 tenured generation   total 349568K, used 349568K [0x0f6a0000, 0x24c00000, 0x24c00000)
   the space 349568K, 100% used [0x0f6a0000, 0x24c00000, 0x24c00000, 0x24c00000)
 Metaspace       used 22678K, capacity 23234K, committed 23424K, reserved 23936K
}
Event: 8758.547 GC heap before
{Heap before GC invocations=47 (full 28):
 def new generation   total 157248K, used 152170K [0x04c00000, 0x0f6a0000, 0x0f6a0000)
  eden space 139776K,  98% used [0x04c00000, 0x0d21c960, 0x0d480000)
  from space 17472K,  84% used [0x0d480000, 0x0e2fe130, 0x0e590000)
  to   space 17472K,   0% used [0x0e590000, 0x0e590000, 0x0f6a0000)
 tenured generation   total 349568K, used 349568K [0x0f6a0000, 0x24c00000, 0x24c00000)
   the space 349568K, 100% used [0x0f6a0000, 0x24c00000, 0x24c00000, 0x24c00000)
 Metaspace       used 22678K, capacity 23234K, committed 23424K, reserved 23936K
Event: 8760.076 GC heap after
Heap after GC invocations=48 (full 29):
 def new generation   total 157248K, used 151710K [0x04c00000, 0x0f6a0000, 0x0f6a0000)
  eden space 139776K,  97% used [0x04c00000, 0x0d1a99b0, 0x0d480000)
  from space 17472K,  84% used [0x0d480000, 0x0e2fe130, 0x0e590000)
  to   space 17472K,   0% used [0x0e590000, 0x0e590000, 0x0f6a0000)
 tenured generation   total 349568K, used 349567K [0x0f6a0000, 0x24c00000, 0x24c00000)
   the space 349568K,  99% used [0x0f6a0000, 0x24bffff0, 0x24c00000, 0x24c00000)
 Metaspace       used 22678K, capacity 23234K, committed 23424K, reserved 23936K
}

